mode: atomic
github.com/dignifiedquire/go-basex/basex.go:16.36,18.2 1 1
github.com/dignifiedquire/go-basex/basex.go:21.32,23.2 1 1
github.com/dignifiedquire/go-basex/basex.go:26.40,35.26 3 116
github.com/dignifiedquire/go-basex/basex.go:40.2,40.13 1 116
github.com/dignifiedquire/go-basex/basex.go:35.26,38.3 2 6095
github.com/dignifiedquire/go-basex/basex.go:45.55,46.21 1 220
github.com/dignifiedquire/go-basex/basex.go:50.2,53.34 3 218
github.com/dignifiedquire/go-basex/basex.go:67.2,70.53 2 218
github.com/dignifiedquire/go-basex/basex.go:74.2,74.40 1 218
github.com/dignifiedquire/go-basex/basex.go:46.21,48.3 1 2
github.com/dignifiedquire/go-basex/basex.go:53.34,55.36 2 2396
github.com/dignifiedquire/go-basex/basex.go:61.3,61.17 1 2396
github.com/dignifiedquire/go-basex/basex.go:55.36,59.4 3 21932
github.com/dignifiedquire/go-basex/basex.go:61.17,64.4 2 3354
github.com/dignifiedquire/go-basex/basex.go:70.53,72.3 1 34
github.com/dignifiedquire/go-basex/basex.go:78.48,84.31 4 219
github.com/dignifiedquire/go-basex/basex.go:87.2,87.12 1 219
github.com/dignifiedquire/go-basex/basex.go:84.31,86.3 1 3596
github.com/dignifiedquire/go-basex/basex.go:92.66,96.34 3 217
github.com/dignifiedquire/go-basex/basex.go:113.2,113.53 1 217
github.com/dignifiedquire/go-basex/basex.go:117.2,117.28 1 217
github.com/dignifiedquire/go-basex/basex.go:96.34,100.35 3 3555
github.com/dignifiedquire/go-basex/basex.go:106.3,106.17 1 3555
github.com/dignifiedquire/go-basex/basex.go:100.35,104.4 3 22206
github.com/dignifiedquire/go-basex/basex.go:106.17,109.4 2 2108
github.com/dignifiedquire/go-basex/basex.go:113.53,115.3 1 34
github.com/dignifiedquire/go-basex/basex.go:121.57,122.21 1 223
github.com/dignifiedquire/go-basex/basex.go:126.2,129.34 3 221
github.com/dignifiedquire/go-basex/basex.go:138.2,138.34 1 216
github.com/dignifiedquire/go-basex/basex.go:122.21,124.3 1 2
github.com/dignifiedquire/go-basex/basex.go:129.34,131.10 2 3567
github.com/dignifiedquire/go-basex/basex.go:135.3,135.20 1 3562
github.com/dignifiedquire/go-basex/basex.go:131.10,133.4 1 5
github.com/dignifiedquire/go-basex/basex.go:141.37,142.56 1 436
github.com/dignifiedquire/go-basex/basex.go:145.2,145.16 1 436
github.com/dignifiedquire/go-basex/basex.go:142.56,144.3 1 2874
